<?xml version="1.0" encoding="UTF-8"?>
<!-- Generated by org.testng.reporters.JUnitReportReporter -->
<testsuite skipped="0" hostname="EC2AMAZ-0RUQJJM" name="exercise1_M22_WedDriver_Architecture.LaunchTestMeApp" tests="1" failures="0" timestamp="2021-04-24T11:45:02 UTC" time="7.568" errors="0">
  <testcase name="launchTestMeApp" time="7.568" classname="exercise1_M22_WedDriver_Architecture.LaunchTestMeApp"/>
</testsuite> <!-- exercise1_M22_WedDriver_Architecture.LaunchTestMeApp -->
