<?xml version="1.0" encoding="UTF-8"?>
<!-- Generated by org.testng.reporters.JUnitReportReporter -->
<testsuite skipped="0" hostname="EC2AMAZ-0RUQJJM" name="m24_demo_EmulatingUserGesturesByActions.M24_Demo3_AutomateKeyboardEvents" tests="1" failures="0" timestamp="2021-04-29T10:46:15 UTC" time="5.711" errors="0">
  <testcase name="autoSuggession" time="5.711" classname="m24_demo_EmulatingUserGesturesByActions.M24_Demo3_AutomateKeyboardEvents"/>
</testsuite> <!-- m24_demo_EmulatingUserGesturesByActions.M24_Demo3_AutomateKeyboardEvents -->
