<?xml version="1.0" encoding="UTF-8"?>
<!-- Generated by org.testng.reporters.JUnitReportReporter -->
<testsuite skipped="0" hostname="EC2AMAZ-0RUQJJM" name="m21_demo_TestNG_Framework.M21_Demo1_Annotations" tests="3" failures="0" timestamp="2021-04-26T07:37:51 UTC" time="0.044" errors="0">
  <testcase name="testScript2" time="0.002" classname="m21_demo_TestNG_Framework.M21_Demo1_Annotations"/>
  <testcase name="testScript1" time="0.039" classname="m21_demo_TestNG_Framework.M21_Demo1_Annotations"/>
  <testcase name="testScript3" time="0.003" classname="m21_demo_TestNG_Framework.M21_Demo1_Annotations"/>
</testsuite> <!-- m21_demo_TestNG_Framework.M21_Demo1_Annotations -->
