<?xml version="1.0" encoding="UTF-8"?>
<!-- Generated by org.testng.reporters.JUnitReportReporter -->
<testsuite skipped="0" hostname="EC2AMAZ-0RUQJJM" name="scenario1_M21_TestNG_TestSuite.TestClass02" tests="2" failures="0" timestamp="2021-04-24T05:29:46 UTC" time="0.010" errors="0">
  <testcase name="testMethod1" time="0.004" classname="scenario1_M21_TestNG_TestSuite.TestClass02"/>
  <testcase name="testMethod2" time="0.006" classname="scenario1_M21_TestNG_TestSuite.TestClass02"/>
</testsuite> <!-- scenario1_M21_TestNG_TestSuite.TestClass02 -->
