<?xml version="1.0" encoding="UTF-8"?>
<!-- Generated by org.testng.reporters.JUnitReportReporter -->
<testsuite skipped="0" hostname="EC2AMAZ-0RUQJJM" name="m21_Scenario1_TestNG_TestSuite.TestClass01" tests="2" failures="0" timestamp="2021-04-26T07:37:51 UTC" time="0.009" errors="0">
  <testcase name="testMethod2" time="0.004" classname="m21_Scenario1_TestNG_TestSuite.TestClass01"/>
  <testcase name="testMethod1" time="0.005" classname="m21_Scenario1_TestNG_TestSuite.TestClass01"/>
</testsuite> <!-- m21_Scenario1_TestNG_TestSuite.TestClass01 -->
