<?xml version="1.0" encoding="UTF-8"?>
<!-- Generated by org.testng.reporters.JUnitReportReporter -->
<testsuite skipped="0" hostname="EC2AMAZ-0RUQJJM" name="m24_demo_EmulatingUserGesturesByActions.M24_Demo2_AutomateMouseEvents" tests="1" failures="0" timestamp="2021-04-29T12:38:13 UTC" time="4.840" errors="0">
  <testcase name="priceChecker" time="4.840" classname="m24_demo_EmulatingUserGesturesByActions.M24_Demo2_AutomateMouseEvents"/>
</testsuite> <!-- m24_demo_EmulatingUserGesturesByActions.M24_Demo2_AutomateMouseEvents -->
