<?xml version="1.0" encoding="UTF-8"?>
<!-- Generated by org.testng.reporters.JUnitReportReporter -->
<testsuite hostname="DESKTOP-UMOU07S" failures="0" tests="1" name="m22_demo_WebDriver_Architeture.M22_Demo1_LaunchBrowserTest" time="2.210" errors="0" timestamp="2021-06-07T06:24:38 IST" skipped="0">
  <testcase classname="m22_demo_WebDriver_Architeture.M22_Demo1_LaunchBrowserTest" name="launchTestMEApp" time="2.210"/>
  <system-out/>
</testsuite> <!-- m22_demo_WebDriver_Architeture.M22_Demo1_LaunchBrowserTest -->
