<?xml version="1.0" encoding="UTF-8"?>
<!-- Generated by org.testng.reporters.JUnitReportReporter -->
<testsuite skipped="0" hostname="EC2AMAZ-0RUQJJM" name="browserUtility.BrowserDriverUtilityTest" tests="1" failures="0" timestamp="2021-04-24T11:07:48 UTC" time="12.528" errors="0">
  <testcase name="launchTestMeApp" time="12.528" classname="browserUtility.BrowserDriverUtilityTest"/>
</testsuite> <!-- browserUtility.BrowserDriverUtilityTest -->
