<?xml version="1.0" encoding="UTF-8"?>
<!-- Generated by org.testng.reporters.JUnitReportReporter -->
<testsuite skipped="0" hostname="EC2AMAZ-0RUQJJM" name="m23_demo_WebDriver_API.M23_Demo5_WaitCommands" tests="1" failures="0" timestamp="2021-04-26T09:54:24 UTC" time="14.329" errors="0">
  <testcase name="launchTestMeAPP" time="14.329" classname="m23_demo_WebDriver_API.M23_Demo5_WaitCommands"/>
</testsuite> <!-- m23_demo_WebDriver_API.M23_Demo5_WaitCommands -->
