<?xml version="1.0" encoding="UTF-8"?>
<!-- Generated by org.testng.reporters.JUnitReportReporter -->
<testsuite skipped="0" hostname="EC2AMAZ-0RUQJJM" name="m21_exercise1_TestNG_Framework.TestClass01" tests="3" failures="0" timestamp="2021-04-26T07:37:51 UTC" time="0.010" errors="0">
  <testcase name="tMethod2" time="0.007" classname="m21_exercise1_TestNG_Framework.TestClass01"/>
  <testcase name="tMethod1" time="0.002" classname="m21_exercise1_TestNG_Framework.TestClass01"/>
  <testcase name="tMethod5" time="0.001" classname="m21_exercise1_TestNG_Framework.TestClass01"/>
</testsuite> <!-- m21_exercise1_TestNG_Framework.TestClass01 -->
