<?xml version="1.0" encoding="UTF-8"?>
<!-- Generated by org.testng.reporters.JUnitReportReporter -->
<testsuite skipped="0" hostname="EC2AMAZ-0RUQJJM" name="m22_exercise1_WedDriver_Architecture.LaunchTestMeApp" tests="1" failures="0" timestamp="2021-04-26T07:37:51 UTC" time="7.930" errors="0">
  <testcase name="launchTestMeApp" time="7.930" classname="m22_exercise1_WedDriver_Architecture.LaunchTestMeApp"/>
</testsuite> <!-- m22_exercise1_WedDriver_Architecture.LaunchTestMeApp -->
