<?xml version="1.0" encoding="UTF-8"?>
<!-- Generated by org.testng.reporters.JUnitReportReporter -->
<testsuite skipped="0" hostname="EC2AMAZ-0RUQJJM" name="demo_M23_WebDriver_API.Demo1_M23_TestAutomationClass1" tests="1" failures="0" timestamp="2021-04-24T15:10:19 UTC" time="6.151" errors="0">
  <testcase name="loginTest" time="6.151" classname="demo_M23_WebDriver_API.Demo1_M23_TestAutomationClass1"/>
</testsuite> <!-- demo_M23_WebDriver_API.Demo1_M23_TestAutomationClass1 -->
