<?xml version="1.0" encoding="UTF-8"?>
<!-- Generated by org.testng.reporters.JUnitReportReporter -->
<testsuite skipped="0" hostname="EC2AMAZ-0RUQJJM" name="m25_demo_SwitchingToWindowsFrames.M25_Demo2_HandelMultipleWindows" tests="1" failures="0" timestamp="2021-05-02T11:10:45 UTC" time="4.661" errors="0">
  <testcase name="switchToWindow" time="4.661" classname="m25_demo_SwitchingToWindowsFrames.M25_Demo2_HandelMultipleWindows"/>
</testsuite> <!-- m25_demo_SwitchingToWindowsFrames.M25_Demo2_HandelMultipleWindows -->
