<?xml version="1.0" encoding="UTF-8"?>
<!-- Generated by org.testng.reporters.JUnitReportReporter -->
<testsuite skipped="0" hostname="EC2AMAZ-0RUQJJM" name="m25_demo_SwitchingToWindowsFrames.M25_Demo4_HandelMultipleIframe" tests="1" failures="0" timestamp="2021-05-01T08:01:25 UTC" time="25.417" errors="0">
  <testcase name="contactInfo" time="25.417" classname="m25_demo_SwitchingToWindowsFrames.M25_Demo4_HandelMultipleIframe"/>
</testsuite> <!-- m25_demo_SwitchingToWindowsFrames.M25_Demo4_HandelMultipleIframe -->
