<?xml version="1.0" encoding="UTF-8"?>
<!-- Generated by org.testng.reporters.JUnitReportReporter -->
<testsuite skipped="0" hostname="EC2AMAZ-0RUQJJM" name="exercise1_M21_TestNG_Framework.TestClass02" tests="2" failures="0" timestamp="2021-04-24T08:53:33 UTC" time="0.009" errors="0">
  <testcase name="tMethod3" time="0.005" classname="exercise1_M21_TestNG_Framework.TestClass02"/>
  <testcase name="tMethod4" time="0.004" classname="exercise1_M21_TestNG_Framework.TestClass02"/>
</testsuite> <!-- exercise1_M21_TestNG_Framework.TestClass02 -->
