<?xml version="1.0" encoding="UTF-8"?>
<!-- Generated by org.testng.reporters.JUnitReportReporter -->
<testsuite skipped="0" hostname="EC2AMAZ-0RUQJJM" name="demo_M_21.demo_3_TestNGData_Provider" tests="2" failures="0" timestamp="2021-04-23T15:55:48 UTC" time="0.031" errors="0">
  <testcase name="f" time="0.021" classname="demo_M_21.demo_3_TestNGData_Provider"/>
  <testcase name="f" time="0.010" classname="demo_M_21.demo_3_TestNGData_Provider"/>
</testsuite> <!-- demo_M_21.demo_3_TestNGData_Provider -->
