<?xml version="1.0" encoding="UTF-8"?>
<!-- Generated by org.testng.reporters.JUnitReportReporter -->
<testsuite skipped="0" hostname="EC2AMAZ-0RUQJJM" name="demo_M_21.demo_1_TestNGAnnotations" tests="3" failures="0" timestamp="2021-04-23T15:43:08 UTC" time="0.043" errors="0">
  <testcase name="testScript2" time="0.021" classname="demo_M_21.demo_1_TestNGAnnotations"/>
  <testcase name="testScript1" time="0.009" classname="demo_M_21.demo_1_TestNGAnnotations"/>
  <testcase name="testScript3" time="0.013" classname="demo_M_21.demo_1_TestNGAnnotations"/>
</testsuite> <!-- demo_M_21.demo_1_TestNGAnnotations -->
