<?xml version="1.0" encoding="UTF-8"?>
<!-- Generated by org.testng.reporters.JUnitReportReporter -->
<testsuite skipped="0" hostname="EC2AMAZ-0RUQJJM" name="m24_demo_EmulatingUserGesturesByActions.M24_Demo1_AumateMouseEvents" tests="1" failures="0" timestamp="2021-04-29T05:58:23 UTC" time="10.822" errors="0">
  <testcase name="checkOurOffice" time="10.822" classname="m24_demo_EmulatingUserGesturesByActions.M24_Demo1_AumateMouseEvents"/>
</testsuite> <!-- m24_demo_EmulatingUserGesturesByActions.M24_Demo1_AumateMouseEvents -->
