<?xml version="1.0" encoding="UTF-8"?>
<!-- Generated by org.testng.reporters.JUnitReportReporter -->
<testsuite skipped="0" hostname="EC2AMAZ-0RUQJJM" name="m25_demo_SwitchingToWindowsFrames.M25_Demo3_HandelMultipleWindows" tests="1" failures="0" timestamp="2021-05-01T06:19:30 UTC" time="4.051" errors="0">
  <testcase name="contactUs" time="4.051" classname="m25_demo_SwitchingToWindowsFrames.M25_Demo3_HandelMultipleWindows"/>
</testsuite> <!-- m25_demo_SwitchingToWindowsFrames.M25_Demo3_HandelMultipleWindows -->
