<?xml version="1.0" encoding="UTF-8"?>
<!-- Generated by org.testng.reporters.JUnitReportReporter -->
<testsuite skipped="0" hostname="EC2AMAZ-0RUQJJM" name="m25_exersise1_SwitchingToWindowsFrames.OfficeAdderss" tests="1" failures="0" timestamp="2021-05-01T08:30:56 UTC" time="28.773" errors="0">
  <testcase name="contactInfo" time="28.773" classname="m25_exersise1_SwitchingToWindowsFrames.OfficeAdderss"/>
</testsuite> <!-- m25_exersise1_SwitchingToWindowsFrames.OfficeAdderss -->
