<?xml version="1.0" encoding="UTF-8"?>
<!-- Generated by org.testng.reporters.JUnitReportReporter -->
<testsuite skipped="0" hostname="EC2AMAZ-0RUQJJM" name="m23_exercise1_WebDriver_API.TestMeAPP_UserRegistration" tests="1" failures="0" timestamp="2021-04-26T11:17:59 UTC" time="7.854" errors="0">
  <testcase name="registration" time="7.854" classname="m23_exercise1_WebDriver_API.TestMeAPP_UserRegistration"/>
</testsuite> <!-- m23_exercise1_WebDriver_API.TestMeAPP_UserRegistration -->
