<?xml version="1.0" encoding="UTF-8"?>
<!-- Generated by org.testng.reporters.JUnitReportReporter -->
<testsuite skipped="0" hostname="EC2AMAZ-0RUQJJM" name="m26_demo_DataDrivenTesting.M26_Demo2_ReadWriteDataExcelFile" tests="1" failures="0" timestamp="2021-05-01T17:41:20 UTC" time="1.287" errors="0">
  <testcase name="ReadDataExcelFile" time="1.287" classname="m26_demo_DataDrivenTesting.M26_Demo2_ReadWriteDataExcelFile"/>
</testsuite> <!-- m26_demo_DataDrivenTesting.M26_Demo2_ReadWriteDataExcelFile -->
