<?xml version="1.0" encoding="UTF-8"?>
<!-- Generated by org.testng.reporters.JUnitReportReporter -->
<testsuite skipped="0" hostname="EC2AMAZ-0RUQJJM" name="m25_demo_SwitchingToWindowsFrames.M25_Demo1_NavigateDialogs" tests="1" failures="0" timestamp="2021-04-29T17:06:46 UTC" time="5.099" errors="0">
  <testcase name="alertDialog" time="5.099" classname="m25_demo_SwitchingToWindowsFrames.M25_Demo1_NavigateDialogs"/>
</testsuite> <!-- m25_demo_SwitchingToWindowsFrames.M25_Demo1_NavigateDialogs -->
