<?xml version="1.0" encoding="UTF-8"?>
<!-- Generated by org.testng.reporters.JUnitReportReporter -->
<testsuite skipped="0" hostname="EC2AMAZ-0RUQJJM" name="demo_M_21_TestNG_Framework.Demo_8_M21_AssertSame_Notsame" tests="2" failures="0" timestamp="2021-04-24T01:47:01 UTC" time="0.040" errors="0">
  <testcase name="test2" time="0.005" classname="demo_M_21_TestNG_Framework.Demo_8_M21_AssertSame_Notsame"/>
  <testcase name="test1" time="0.035" classname="demo_M_21_TestNG_Framework.Demo_8_M21_AssertSame_Notsame"/>
</testsuite> <!-- demo_M_21_TestNG_Framework.Demo_8_M21_AssertSame_Notsame -->
