<?xml version="1.0" encoding="UTF-8"?>
<!-- Generated by org.testng.reporters.JUnitReportReporter -->
<testsuite skipped="0" hostname="EC2AMAZ-0RUQJJM" name="demo_M23_WebDriver_API.Demo2_M23" tests="1" failures="0" timestamp="2021-04-24T17:17:37 UTC" time="10.490" errors="0">
  <testcase name="countLinks" time="10.490" classname="demo_M23_WebDriver_API.Demo2_M23"/>
</testsuite> <!-- demo_M23_WebDriver_API.Demo2_M23 -->
