<?xml version="1.0" encoding="UTF-8"?>
<!-- Generated by org.testng.reporters.JUnitReportReporter -->
<testsuite skipped="0" hostname="EC2AMAZ-0RUQJJM" name="m24_demo_EmulatingUserGesturesByActions.M24_Demo4_AutomateKeyboardMouseEvents" tests="1" failures="0" timestamp="2021-04-29T12:09:22 UTC" time="5.187" errors="0">
  <testcase name="signIn" time="5.187" classname="m24_demo_EmulatingUserGesturesByActions.M24_Demo4_AutomateKeyboardMouseEvents"/>
</testsuite> <!-- m24_demo_EmulatingUserGesturesByActions.M24_Demo4_AutomateKeyboardMouseEvents -->
