<?xml version="1.0" encoding="UTF-8"?>
<!-- Generated by org.testng.reporters.JUnitReportReporter -->
<testsuite skipped="0" hostname="EC2AMAZ-0RUQJJM" name="m23_demo_WebDriver_API.M23_Demo4_WebDriverCommands" tests="1" failures="0" timestamp="2021-04-26T07:37:51 UTC" time="5.867" errors="0">
  <testcase name="launchTestMeApp" time="5.867" classname="m23_demo_WebDriver_API.M23_Demo4_WebDriverCommands"/>
</testsuite> <!-- m23_demo_WebDriver_API.M23_Demo4_WebDriverCommands -->
