<?xml version="1.0" encoding="UTF-8"?>
<!-- Generated by org.testng.reporters.JUnitReportReporter -->
<testsuite skipped="0" hostname="EC2AMAZ-0RUQJJM" name="m26_demo_DataDrivenTesting.M26_Demo1_CreateWorkbook" tests="1" failures="0" timestamp="2021-05-02T11:15:29 UTC" time="1.261" errors="0">
  <testcase name="newWorkbook" time="1.261" classname="m26_demo_DataDrivenTesting.M26_Demo1_CreateWorkbook"/>
</testsuite> <!-- m26_demo_DataDrivenTesting.M26_Demo1_CreateWorkbook -->
