<?xml version="1.0" encoding="UTF-8"?>
<!-- Generated by org.testng.reporters.JUnitReportReporter -->
<testsuite skipped="1" hostname="EC2AMAZ-0RUQJJM" name="m21_demo_TestNG_Framework.M21_Demo2_Priority_Enable" tests="3" failures="0" timestamp="2021-04-26T07:37:51 UTC" time="0.012" errors="0">
  <testcase name="testScript3" time="0.002" classname="m21_demo_TestNG_Framework.M21_Demo2_Priority_Enable"/>
  <testcase name="testScript2" time="0.010" classname="m21_demo_TestNG_Framework.M21_Demo2_Priority_Enable"/>
  <testcase name="testScript1" classname="m21_demo_TestNG_Framework.M21_Demo2_Priority_Enable">
    <skipped/>
  </testcase> <!-- testScript1 -->
</testsuite> <!-- m21_demo_TestNG_Framework.M21_Demo2_Priority_Enable -->
