<?xml version="1.0" encoding="UTF-8"?>
<!-- Generated by org.testng.reporters.JUnitReportReporter -->
<testsuite skipped="0" hostname="EC2AMAZ-0RUQJJM" name="browserUtility.TestBrowserDriverUtility" tests="1" failures="0" timestamp="2021-04-26T07:37:51 UTC" time="10.616" errors="0">
  <testcase name="launchTestMeApp" time="10.616" classname="browserUtility.TestBrowserDriverUtility"/>
</testsuite> <!-- browserUtility.TestBrowserDriverUtility -->
