<?xml version="1.0" encoding="UTF-8"?>
<!-- Generated by org.testng.reporters.JUnitReportReporter -->
<testsuite skipped="0" hostname="EC2AMAZ-0RUQJJM" name="scenario_M21_TestNG_TestSuite.TestClass01" tests="2" failures="0" timestamp="2021-04-24T05:22:55 UTC" time="0.031" errors="0">
  <testcase name="testMethod2" time="0.007" classname="scenario_M21_TestNG_TestSuite.TestClass01"/>
  <testcase name="testMethod1" time="0.024" classname="scenario_M21_TestNG_TestSuite.TestClass01"/>
</testsuite> <!-- scenario_M21_TestNG_TestSuite.TestClass01 -->
