<?xml version="1.0" encoding="UTF-8"?>
<!-- Generated by org.testng.reporters.JUnitReportReporter -->
<testsuite skipped="0" hostname="EC2AMAZ-0RUQJJM" name="m21_demo_TestNG_Framework.M21_Demo3_Data_Provider" tests="2" failures="0" timestamp="2021-04-26T07:37:51 UTC" time="0.003" errors="0">
  <testcase name="f" time="0.001" classname="m21_demo_TestNG_Framework.M21_Demo3_Data_Provider"/>
  <testcase name="f" time="0.002" classname="m21_demo_TestNG_Framework.M21_Demo3_Data_Provider"/>
</testsuite> <!-- m21_demo_TestNG_Framework.M21_Demo3_Data_Provider -->
