<?xml version="1.0" encoding="UTF-8"?>
<!-- Generated by org.testng.reporters.JUnitReportReporter -->
<testsuite skipped="0" hostname="EC2AMAZ-0RUQJJM" name="m23_exercise2_WebDriver_API.Check_OrderDetals" tests="1" failures="0" timestamp="2021-05-02T05:16:51 UTC" time="31.451" errors="0">
  <testcase name="loginTestMeApp" time="31.451" classname="m23_exercise2_WebDriver_API.Check_OrderDetals"/>
</testsuite> <!-- m23_exercise2_WebDriver_API.Check_OrderDetals -->
