<?xml version="1.0" encoding="UTF-8"?>
<!-- Generated by org.testng.reporters.JUnitReportReporter -->
<testsuite skipped="0" hostname="EC2AMAZ-0RUQJJM" name="exercise1_M21_TestNG_Framework.TestClass01" tests="2" failures="0" timestamp="2021-04-24T08:53:33 UTC" time="0.036" errors="0">
  <testcase name="tMethod2" time="0.017" classname="exercise1_M21_TestNG_Framework.TestClass01"/>
  <testcase name="tMethod1" time="0.019" classname="exercise1_M21_TestNG_Framework.TestClass01"/>
</testsuite> <!-- exercise1_M21_TestNG_Framework.TestClass01 -->
