<?xml version="1.0" encoding="UTF-8"?>
<!-- Generated by org.testng.reporters.JUnitReportReporter -->
<testsuite skipped="1" hostname="EC2AMAZ-0RUQJJM" name="demo_M_21.demo_2_TestNGPriority_Enable" tests="3" failures="0" timestamp="2021-04-23T15:50:54 UTC" time="0.022" errors="0">
  <testcase name="testScript3" time="0.020" classname="demo_M_21.demo_2_TestNGPriority_Enable"/>
  <testcase name="testScript2" time="0.002" classname="demo_M_21.demo_2_TestNGPriority_Enable"/>
  <testcase name="testScript1" classname="demo_M_21.demo_2_TestNGPriority_Enable">
    <skipped/>
  </testcase> <!-- testScript1 -->
</testsuite> <!-- demo_M_21.demo_2_TestNGPriority_Enable -->
