<?xml version="1.0" encoding="UTF-8"?>
<!-- Generated by org.testng.reporters.JUnitReportReporter -->
<testsuite skipped="0" hostname="EC2AMAZ-0RUQJJM" name="m21_exercise1_TestNG_Framework.TestClass02" tests="2" failures="0" timestamp="2021-04-26T07:37:51 UTC" time="0.013" errors="0">
  <testcase name="tMethod3" time="0.003" classname="m21_exercise1_TestNG_Framework.TestClass02"/>
  <testcase name="tMethod4" time="0.010" classname="m21_exercise1_TestNG_Framework.TestClass02"/>
</testsuite> <!-- m21_exercise1_TestNG_Framework.TestClass02 -->
