<?xml version="1.0" encoding="UTF-8"?>
<!-- Generated by org.testng.reporters.JUnitReportReporter -->
<testsuite skipped="0" hostname="EC2AMAZ-0RUQJJM" name="m24_exercise1_EmulatingUserGesturesByActions.ActionsUI" tests="1" failures="0" timestamp="2021-04-29T15:10:29 UTC" time="6.369" errors="0">
  <testcase name="productVerify" time="6.369" classname="m24_exercise1_EmulatingUserGesturesByActions.ActionsUI"/>
</testsuite> <!-- m24_exercise1_EmulatingUserGesturesByActions.ActionsUI -->
